UPDATE tbstudent SET groupName = 'Science' WHERE rollNo = '2' AND class = 'D10A' AND session = '2021' ;
UPDATE tbstudent SET groupName = 'Science' WHERE rollNo = '3' AND class = 'D10A' AND session = '2021' ;
UPDATE tbstudent SET groupName = 'Science' WHERE rollNo = '5' AND class = 'D10A' AND session = '2021' ;
UPDATE tbstudent SET groupName = 'Science' WHERE rollNo = '9' AND class = 'D10A' AND session = '2021' ;
UPDATE tbstudent SET groupName = 'Science' WHERE rollNo = '10' AND class = 'D10A' AND session = '2021' ;
UPDATE tbstudent SET groupName = 'Science' WHERE rollNo = '27' AND class = 'D10A' AND session = '2021' ;
UPDATE tbstudent SET groupName = 'Science' WHERE rollNo = '33' AND class = 'D10A' AND session = '2021' ;
UPDATE tbstudent SET groupName = 'Science' WHERE rollNo = '50' AND class = 'D10A' AND session = '2021' ;
UPDATE tbstudent SET groupName = 'Science' WHERE rollNo = '55' AND class = 'D10A' AND session = '2021' ;
UPDATE tbstudent SET groupName = 'Science' WHERE rollNo = '57' AND class = 'D10A' AND session = '2021' ;
UPDATE tbstudent SET groupName = 'Science' WHERE rollNo = '60' AND class = 'D10A' AND session = '2021' ;
UPDATE tbstudent SET groupName = 'Science' WHERE rollNo = '61' AND class = 'D10A' AND session = '2021' ;
UPDATE tbstudent SET groupName = 'Science' WHERE rollNo = '69' AND class = 'D10A' AND session = '2021' ;
UPDATE tbstudent SET groupName = 'Science' WHERE rollNo = '70' AND class = 'D10A' AND session = '2021' ;
UPDATE tbstudent SET groupName = 'Science' WHERE rollNo = '1' AND class = 'D10B' AND session = '2021' ;
UPDATE tbstudent SET groupName = 'Science' WHERE rollNo = '3' AND class = 'D10B' AND session = '2021' ;
UPDATE tbstudent SET groupName = 'Science' WHERE rollNo = '4' AND class = 'D10B' AND session = '2021' ;
UPDATE tbstudent SET groupName = 'Science' WHERE rollNo = '5' AND class = 'D10B' AND session = '2021' ;
UPDATE tbstudent SET groupName = 'Science' WHERE rollNo = '9' AND class = 'D10B' AND session = '2021' ;
UPDATE tbstudent SET groupName = 'Science' WHERE rollNo = '10' AND class = 'D10B' AND session = '2021' ;
UPDATE tbstudent SET groupName = 'Science' WHERE rollNo = '11' AND class = 'D10B' AND session = '2021' ;
UPDATE tbstudent SET groupName = 'Science' WHERE rollNo = '12' AND class = 'D10B' AND session = '2021' ;
UPDATE tbstudent SET groupName = 'Science' WHERE rollNo = '21' AND class = 'D10B' AND session = '2021' ;
UPDATE tbstudent SET groupName = 'Science' WHERE rollNo = '23' AND class = 'D10B' AND session = '2021' ;
UPDATE tbstudent SET groupName = 'Science' WHERE rollNo = '26' AND class = 'D10B' AND session = '2021' ;
UPDATE tbstudent SET groupName = 'Science' WHERE rollNo = '31' AND class = 'D10B' AND session = '2021' ;
UPDATE tbstudent SET groupName = 'Science' WHERE rollNo = '60' AND class = 'D10B' AND session = '2021' ;
UPDATE tbstudent SET groupName = 'Science' WHERE rollNo = '61' AND class = 'D10B' AND session = '2021' ;
UPDATE tbstudent SET groupName = 'Science' WHERE rollNo = '1' AND class = 'D10C' AND session = '2021' ;
UPDATE tbstudent SET groupName = 'Science' WHERE rollNo = '2' AND class = 'D10C' AND session = '2021' ;
UPDATE tbstudent SET groupName = 'Science' WHERE rollNo = '3' AND class = 'D10C' AND session = '2021' ;
UPDATE tbstudent SET groupName = 'Science' WHERE rollNo = '4' AND class = 'D10C' AND session = '2021' ;
UPDATE tbstudent SET groupName = 'Science' WHERE rollNo = '5' AND class = 'D10C' AND session = '2021' ;
UPDATE tbstudent SET groupName = 'Science' WHERE rollNo = '16' AND class = 'D10C' AND session = '2021' ;
UPDATE tbstudent SET groupName = 'Science' WHERE rollNo = '18' AND class = 'D10C' AND session = '2021' ;
UPDATE tbstudent SET groupName = 'Science' WHERE rollNo = '57' AND class = 'D10C' AND session = '2021' ;
UPDATE tbstudent SET groupName = 'Science' WHERE rollNo = '58' AND class = 'D10C' AND session = '2021' ;
UPDATE tbstudent SET groupName = 'Science' WHERE rollNo = '59' AND class = 'D10C' AND session = '2021' ;
UPDATE tbstudent SET groupName = 'Science' WHERE rollNo = '61' AND class = 'D10C' AND session = '2021' ;
UPDATE tbstudent SET groupName = 'Science' WHERE rollNo = '62' AND class = 'D10C' AND session = '2021' ;
UPDATE tbstudent SET groupName = 'Science' WHERE rollNo = '64' AND class = 'D10C' AND session = '2021' ;
UPDATE tbstudent SET groupName = 'Science' WHERE rollNo = '65' AND class = 'D10C' AND session = '2021' ;
UPDATE tbstudent SET groupName = 'Science' WHERE rollNo = '68' AND class = 'D10C' AND session = '2021' ;
UPDATE tbstudent SET groupName = 'Science' WHERE rollNo = '76' AND class = 'D10C' AND session = '2021' ;
UPDATE tbstudent SET groupName = 'Science' WHERE rollNo = '1' AND class = 'D10D' AND session = '2021' ;
UPDATE tbstudent SET groupName = 'Science' WHERE rollNo = '2' AND class = 'D10D' AND session = '2021' ;
UPDATE tbstudent SET groupName = 'Science' WHERE rollNo = '3' AND class = 'D10D' AND session = '2021' ;
UPDATE tbstudent SET groupName = 'Science' WHERE rollNo = '4' AND class = 'D10D' AND session = '2021' ;
UPDATE tbstudent SET groupName = 'Science' WHERE rollNo = '5' AND class = 'D10D' AND session = '2021' ;
UPDATE tbstudent SET groupName = 'Science' WHERE rollNo = '6' AND class = 'D10D' AND session = '2021' ;
UPDATE tbstudent SET groupName = 'Science' WHERE rollNo = '7' AND class = 'D10D' AND session = '2021' ;
UPDATE tbstudent SET groupName = 'Science' WHERE rollNo = '8' AND class = 'D10D' AND session = '2021' ;
UPDATE tbstudent SET groupName = 'Science' WHERE rollNo = '9' AND class = 'D10D' AND session = '2021' ;
UPDATE tbstudent SET groupName = 'Science' WHERE rollNo = '10' AND class = 'D10D' AND session = '2021' ;
UPDATE tbstudent SET groupName = 'Science' WHERE rollNo = '11' AND class = 'D10D' AND session = '2021' ;
UPDATE tbstudent SET groupName = 'Science' WHERE rollNo = '12' AND class = 'D10D' AND session = '2021' ;
UPDATE tbstudent SET groupName = 'Science' WHERE rollNo = '15' AND class = 'D10D' AND session = '2021' ;
UPDATE tbstudent SET groupName = 'Science' WHERE rollNo = '19' AND class = 'D10D' AND session = '2021' ;
UPDATE tbstudent SET groupName = 'Science' WHERE rollNo = '26' AND class = 'D10D' AND session = '2021' ;
UPDATE tbstudent SET groupName = 'Science' WHERE rollNo = '27' AND class = 'D10D' AND session = '2021' ;
UPDATE tbstudent SET groupName = 'Science' WHERE rollNo = '30' AND class = 'D10D' AND session = '2021' ;
UPDATE tbstudent SET groupName = 'Science' WHERE rollNo = '48' AND class = 'D10D' AND session = '2021' ;
UPDATE tbstudent SET groupName = 'Science' WHERE rollNo = '1' AND class = 'D10E' AND session = '2021' ;
UPDATE tbstudent SET groupName = 'Science' WHERE rollNo = '2' AND class = 'D10E' AND session = '2021' ;
UPDATE tbstudent SET groupName = 'Science' WHERE rollNo = '3' AND class = 'D10E' AND session = '2021' ;
UPDATE tbstudent SET groupName = 'Science' WHERE rollNo = '4' AND class = 'D10E' AND session = '2021' ;
UPDATE tbstudent SET groupName = 'Science' WHERE rollNo = '5' AND class = 'D10E' AND session = '2021' ;
UPDATE tbstudent SET groupName = 'Science' WHERE rollNo = '6' AND class = 'D10E' AND session = '2021' ;
UPDATE tbstudent SET groupName = 'Science' WHERE rollNo = '7' AND class = 'D10E' AND session = '2021' ;
UPDATE tbstudent SET groupName = 'Science' WHERE rollNo = '9' AND class = 'D10E' AND session = '2021' ;
UPDATE tbstudent SET groupName = 'Science' WHERE rollNo = '11' AND class = 'D10E' AND session = '2021' ;
UPDATE tbstudent SET groupName = 'Science' WHERE rollNo = '12' AND class = 'D10E' AND session = '2021' ;
UPDATE tbstudent SET groupName = 'Science' WHERE rollNo = '15' AND class = 'D10E' AND session = '2021' ;
UPDATE tbstudent SET groupName = 'Science' WHERE rollNo = '20' AND class = 'D10E' AND session = '2021' ;
UPDATE tbstudent SET groupName = 'Science' WHERE rollNo = '24' AND class = 'D10E' AND session = '2021' ;
UPDATE tbstudent SET groupName = 'Science' WHERE rollNo = '48' AND class = 'D10E' AND session = '2021' ;
UPDATE tbstudent SET groupName = 'Science' WHERE rollNo = '49' AND class = 'D10E' AND session = '2021' ;
UPDATE tbstudent SET groupName = 'Science' WHERE rollNo = '50' AND class = 'D10E' AND session = '2021' ;
UPDATE tbstudent SET groupName = 'Science' WHERE rollNo = '59' AND class = 'D10E' AND session = '2021' ;
UPDATE tbstudent SET groupName = 'Science' WHERE rollNo = '1' AND class = 'D10F' AND session = '2021' ;
UPDATE tbstudent SET groupName = 'Science' WHERE rollNo = '2' AND class = 'D10F' AND session = '2021' ;
UPDATE tbstudent SET groupName = 'Science' WHERE rollNo = '3' AND class = 'D10F' AND session = '2021' ;
UPDATE tbstudent SET groupName = 'Science' WHERE rollNo = '5' AND class = 'D10F' AND session = '2021' ;
UPDATE tbstudent SET groupName = 'Science' WHERE rollNo = '7' AND class = 'D10F' AND session = '2021' ;
UPDATE tbstudent SET groupName = 'Science' WHERE rollNo = '8' AND class = 'D10F' AND session = '2021' ;
UPDATE tbstudent SET groupName = 'Science' WHERE rollNo = '9' AND class = 'D10F' AND session = '2021' ;
UPDATE tbstudent SET groupName = 'Science' WHERE rollNo = '16' AND class = 'D10F' AND session = '2021' ;
UPDATE tbstudent SET groupName = 'Science' WHERE rollNo = '67' AND class = 'D10F' AND session = '2021' ;
